!SESSION 2011-07-06 11:49:14.291 -----------------------------------------------
eclipse.buildId=unknown
java.version=1.6.0_22
java.vendor=Sun Microsystems Inc.
BootLoader constants: OS=linux, ARCH=x86, WS=gtk, NL=en_US
Command-line arguments:  -console

!ENTRY org.eclipse.osgi 4 0 2011-07-06 11:49:15.076
!MESSAGE Application error
!STACK 1
java.lang.IllegalStateException: Unable to acquire application service. Ensure that the org.eclipse.core.runtime bundle is resolved and started (see config.ini).
	at org.eclipse.core.runtime.internal.adaptor.EclipseAppLauncher.start(EclipseAppLauncher.java:74)
	at org.eclipse.core.runtime.adaptor.EclipseStarter.run(EclipseStarter.java:369)
	at org.eclipse.core.runtime.adaptor.EclipseStarter.run(EclipseStarter.java:179)
	at org.eclipse.core.runtime.adaptor.EclipseStarter.main(EclipseStarter.java:150)

!ENTRY  4 0 2011-07-06 11:49:38.551
!MESSAGE [IAgent][Server@1d6a56e] Failed to open PMP server on 1450.
!STACK 0
java.net.BindException: Address already in use
	at java.net.PlainSocketImpl.socketBind(Native Method)
	at java.net.AbstractPlainSocketImpl.bind(AbstractPlainSocketImpl.java:353)
	at java.net.ServerSocket.bind(ServerSocket.java:336)
	at java.net.ServerSocket.<init>(ServerSocket.java:202)
	at java.net.ServerSocket.<init>(ServerSocket.java:114)
	at org.tigris.mtoolkit.iagent.internal.pmp.Server.init(Server.java:105)
	at org.tigris.mtoolkit.iagent.internal.pmp.Server.<init>(Server.java:71)
	at org.tigris.mtoolkit.iagent.pmp.PMPServerFactory.createServer(PMPServerFactory.java:45)
	at org.tigris.mtoolkit.iagent.internal.rpc.Activator.start(Activator.java:84)
	at org.eclipse.osgi.framework.internal.core.BundleContextImpl$1.run(BundleContextImpl.java:783)
	at java.security.AccessController.doPrivileged(Native Method)
	at org.eclipse.osgi.framework.internal.core.BundleContextImpl.startActivator(BundleContextImpl.java:774)
	at org.eclipse.osgi.framework.internal.core.BundleContextImpl.start(BundleContextImpl.java:755)
	at org.eclipse.osgi.framework.internal.core.BundleHost.startWorker(BundleHost.java:370)
	at org.eclipse.osgi.framework.internal.core.AbstractBundle.start(AbstractBundle.java:284)
	at org.eclipse.osgi.framework.internal.core.AbstractBundle.start(AbstractBundle.java:276)
	at org.eclipse.osgi.framework.internal.core.FrameworkCommandProvider._start(FrameworkCommandProvider.java:252)
	at sun.reflect.NativeMethodAccessorImpl.invoke0(Native Method)
	at sun.reflect.NativeMethodAccessorImpl.invoke(NativeMethodAccessorImpl.java:57)
	at sun.reflect.DelegatingMethodAccessorImpl.invoke(DelegatingMethodAccessorImpl.java:43)
	at java.lang.reflect.Method.invoke(Method.java:616)
	at org.eclipse.osgi.framework.internal.core.FrameworkCommandInterpreter.execute(FrameworkCommandInterpreter.java:155)
	at org.eclipse.osgi.framework.internal.core.FrameworkConsole.docommand(FrameworkConsole.java:156)
	at org.eclipse.osgi.framework.internal.core.FrameworkConsole.runConsole(FrameworkConsole.java:141)
	at org.eclipse.osgi.framework.internal.core.FrameworkConsole.run(FrameworkConsole.java:105)
	at java.lang.Thread.run(Thread.java:679)

!ENTRY  1 0 2011-07-06 11:49:38.552
!MESSAGE [IAgent][Server@1d6a56e] Failure action set to 'random'. Retrying...

!ENTRY  1 0 2011-07-06 11:49:38.552
!MESSAGE [IAgent][Server@1d6a56e] PMP server listening on 59376

!ENTRY  4 0 2011-07-06 11:49:38.620
!MESSAGE [IAgent][VMCommander@8ceeea] [startUDPListener] Cannot open socket for UDP notifications.
!STACK 0
java.net.BindException: Address already in use
	at java.net.PlainDatagramSocketImpl.bind0(Native Method)
	at java.net.AbstractPlainDatagramSocketImpl.bind(AbstractPlainDatagramSocketImpl.java:85)
	at java.net.DatagramSocket.bind(DatagramSocket.java:373)
	at java.net.DatagramSocket.<init>(DatagramSocket.java:229)
	at java.net.DatagramSocket.<init>(DatagramSocket.java:282)
	at java.net.DatagramSocket.<init>(DatagramSocket.java:254)
	at org.tigris.mtoolkit.iagent.internal.VMCommander$UDPListener.run(VMCommander.java:180)

!ENTRY  1 0 2011-07-06 11:49:38.621
!MESSAGE [IAgent][VMCommander@8ceeea] [startServer] cannot connect to controller.
!STACK 0
org.tigris.mtoolkit.iagent.mbsa.MBSAException: java.net.ConnectException: Connection refused (caused by java.net.ConnectException: Connection refused)
	at org.tigris.mtoolkit.iagent.mbsa.MBSASessionFactory.serverConnect(MBSASessionFactory.java:41)
	at org.tigris.mtoolkit.iagent.internal.VMCommander.startServer(VMCommander.java:67)
	at org.tigris.mtoolkit.iagent.internal.VMCommander.<init>(VMCommander.java:53)
	at org.tigris.mtoolkit.iagent.internal.rpc.Activator.startController(Activator.java:108)
	at org.tigris.mtoolkit.iagent.internal.rpc.Activator.registerControllerSupport(Activator.java:98)
	at org.tigris.mtoolkit.iagent.internal.rpc.Activator.start(Activator.java:91)
	at org.eclipse.osgi.framework.internal.core.BundleContextImpl$1.run(BundleContextImpl.java:783)
	at java.security.AccessController.doPrivileged(Native Method)
	at org.eclipse.osgi.framework.internal.core.BundleContextImpl.startActivator(BundleContextImpl.java:774)
	at org.eclipse.osgi.framework.internal.core.BundleContextImpl.start(BundleContextImpl.java:755)
	at org.eclipse.osgi.framework.internal.core.BundleHost.startWorker(BundleHost.java:370)
	at org.eclipse.osgi.framework.internal.core.AbstractBundle.start(AbstractBundle.java:284)
	at org.eclipse.osgi.framework.internal.core.AbstractBundle.start(AbstractBundle.java:276)
	at org.eclipse.osgi.framework.internal.core.FrameworkCommandProvider._start(FrameworkCommandProvider.java:252)
	at sun.reflect.NativeMethodAccessorImpl.invoke0(Native Method)
	at sun.reflect.NativeMethodAccessorImpl.invoke(NativeMethodAccessorImpl.java:57)
	at sun.reflect.DelegatingMethodAccessorImpl.invoke(DelegatingMethodAccessorImpl.java:43)
	at java.lang.reflect.Method.invoke(Method.java:616)
	at org.eclipse.osgi.framework.internal.core.FrameworkCommandInterpreter.execute(FrameworkCommandInterpreter.java:155)
	at org.eclipse.osgi.framework.internal.core.FrameworkConsole.docommand(FrameworkConsole.java:156)
	at org.eclipse.osgi.framework.internal.core.FrameworkConsole.runConsole(FrameworkConsole.java:141)
	at org.eclipse.osgi.framework.internal.core.FrameworkConsole.run(FrameworkConsole.java:105)
	at java.lang.Thread.run(Thread.java:679)
Caused by: java.net.ConnectException: Connection refused
	at java.net.PlainSocketImpl.socketConnect(Native Method)
	at java.net.AbstractPlainSocketImpl.doConnect(AbstractPlainSocketImpl.java:327)
	at java.net.AbstractPlainSocketImpl.connectToAddress(AbstractPlainSocketImpl.java:193)
	at java.net.AbstractPlainSocketImpl.connect(AbstractPlainSocketImpl.java:180)
	at java.net.SocksSocketImpl.connect(SocksSocketImpl.java:384)
	at java.net.Socket.connect(Socket.java:546)
	at java.net.Socket.connect(Socket.java:495)
	at java.net.Socket.<init>(Socket.java:392)
	at java.net.Socket.<init>(Socket.java:235)
	at org.tigris.mtoolkit.iagent.mbsa.MBSASessionFactory.serverConnect(MBSASessionFactory.java:38)
	... 22 more

!ENTRY  1 0 2011-07-06 12:16:12.463
!MESSAGE [IAgent][Server@1d6a56e] Closing PMP Socket for tcp://:1450
